0 info it worked if it ends with ok
1 verbose cli [ '/usr/bin/node', '/usr/bin/npm', 'publish' ]
2 info using npm@3.5.2
3 info using node@v8.10.0
4 verbose publish [ '.' ]
5 silly cache add args [ '.', null ]
6 verbose cache add spec .
7 silly cache add parsed spec Result {
7 silly cache add   raw: '.',
7 silly cache add   scope: null,
7 silly cache add   name: null,
7 silly cache add   rawSpec: '.',
7 silly cache add   spec: '/home/allan/TotalCross/totalcross-cli',
7 silly cache add   type: 'directory' }
8 verbose addLocalDirectory /home/allan/.npm/totalcross-cli/1.1.0/package.tgz not in flight; packing
9 info lifecycle totalcross-cli@1.1.0~prepublish: totalcross-cli@1.1.0
10 silly lifecycle totalcross-cli@1.1.0~prepublish: no script for prepublish, continuing
11 verbose tar pack [ '/home/allan/.npm/totalcross-cli/1.1.0/package.tgz',
11 verbose tar pack   '/home/allan/TotalCross/totalcross-cli' ]
12 verbose tarball /home/allan/.npm/totalcross-cli/1.1.0/package.tgz
13 verbose folder /home/allan/TotalCross/totalcross-cli
14 verbose addLocalTarball adding from inside cache /home/allan/.npm/totalcross-cli/1.1.0/package.tgz
15 silly cache afterAdd totalcross-cli@1.1.0
16 verbose afterAdd /home/allan/.npm/totalcross-cli/1.1.0/package/package.json not in flight; writing
17 verbose afterAdd /home/allan/.npm/totalcross-cli/1.1.0/package/package.json written
18 silly publish { name: 'totalcross-cli',
18 silly publish   version: '1.1.0',
18 silly publish   description: 'TotalCross CLI',
18 silly publish   bin: { totalcross: './index.js' },
18 silly publish   scripts: { test: 'echo "No test specified"' },
18 silly publish   keywords: [ 'TotalCross', 'CLI' ],
18 silly publish   author: { name: 'Allan C.' },
18 silly publish   license: 'ISC',
18 silly publish   dependencies:
18 silly publish    { child_process: '^1.0.2',
18 silly publish      commander: '^4.1.1',
18 silly publish      ejs: '^3.0.1',
18 silly publish      enquirer: '^2.3.4',
18 silly publish      express: '^4.17.1',
18 silly publish      'fs-extra': '^8.1.0',
18 silly publish      opn: '^6.0.0',
18 silly publish      'replace-in-file': '^5.0.2',
18 silly publish      request: '^2.88.2',
18 silly publish      'request-promise': '^4.2.5',
18 silly publish      scp: '0.0.3',
18 silly publish      'socket.io': '^2.3.0',
18 silly publish      'xml-js': '^1.6.11' },
18 silly publish   readme: '# TotalCross CLI POC\n\nPOC for P&C activity\n\n## Usage\n\n1. Install dependencies\n\n``` \n$ npm install\n```\n\n2. Run main script\n\n``` \n$ node index.js --create\n```\n\n3. Test another commands\n\n``` \n$ node index.js --pack\n```\nand: \n\n``` \n$ node index.js --deploy\n```\n\n## Modelling\n\nArchitectural modeling after initial feasibility analysis\n\n![alt text](https://i.imgur.com/AW0ySxO.png)',
18 silly publish   readmeFilename: 'README.md',
18 silly publish   gitHead: '6657f6f7cd62f866eacd4f47461b9e72fa323d68',
18 silly publish   _id: 'totalcross-cli@1.1.0',
18 silly publish   _shasum: '38f468e1b24c218a589b3adb23295ff297047bb0',
18 silly publish   _from: '.' }
19 verbose getPublishConfig undefined
20 silly mapToRegistry name totalcross-cli
21 silly mapToRegistry using default registry
22 silly mapToRegistry registry https://registry.npmjs.org/
23 silly mapToRegistry uri https://registry.npmjs.org/totalcross-cli
24 verbose publish registryBase https://registry.npmjs.org/
25 silly publish uploading /home/allan/.npm/totalcross-cli/1.1.0/package.tgz
26 verbose request uri https://registry.npmjs.org/totalcross-cli
27 verbose request sending authorization for write operation
28 info attempt registry request try #1 at 11:55:33 AM
29 verbose request using bearer token for auth
30 verbose request id f96c445734cee16f
31 http request PUT https://registry.npmjs.org/totalcross-cli
32 http 403 https://registry.npmjs.org/totalcross-cli
33 verbose headers { date: 'Wed, 12 Feb 2020 14:55:34 GMT',
33 verbose headers   'content-type': 'application/json',
33 verbose headers   'transfer-encoding': 'chunked',
33 verbose headers   connection: 'keep-alive',
33 verbose headers   'set-cookie':
33 verbose headers    [ '__cfduid=d1f8e9a1f43b51faaf587c50c9cdfed0f1581519333; expires=Fri, 13-Mar-20 14:55:33 GMT; path=/; domain=.npmjs.org; HttpOnly; SameSite=Lax' ],
33 verbose headers   'cf-ray': '563f677c2e40f3ab-GRU',
33 verbose headers   'cf-cache-status': 'DYNAMIC',
33 verbose headers   'expect-ct': 'max-age=604800, report-uri="https://report-uri.cloudflare.com/cdn-cgi/beacon/expect-ct"',
33 verbose headers   vary: 'Accept-Encoding',
33 verbose headers   server: 'cloudflare',
33 verbose headers   'content-encoding': 'gzip' }
34 verbose request invalidating /home/allan/.npm/registry.npmjs.org/totalcross-cli on PUT
35 error publish Failed PUT 403
36 verbose stack Error: You cannot publish over the previously published versions: 1.1.0. : totalcross-cli
36 verbose stack     at makeError (/usr/share/npm/node_modules/npm-registry-client/lib/request.js:264:12)
36 verbose stack     at CachingRegistryClient.<anonymous> (/usr/share/npm/node_modules/npm-registry-client/lib/request.js:252:14)
36 verbose stack     at /usr/share/npm/node_modules/npm-registry-client/lib/request.js:178:7
36 verbose stack     at Gunzip.onEnd (zlib.js:131:5)
36 verbose stack     at emitNone (events.js:111:20)
36 verbose stack     at Gunzip.emit (events.js:208:7)
36 verbose stack     at endReadableNT (_stream_readable.js:1064:12)
36 verbose stack     at _combinedTickCallback (internal/process/next_tick.js:138:11)
36 verbose stack     at process._tickCallback (internal/process/next_tick.js:180:9)
37 verbose statusCode 403
38 verbose pkgid totalcross-cli
39 verbose cwd /home/allan/TotalCross/totalcross-cli
40 error Linux 5.3.0-28-generic
41 error argv "/usr/bin/node" "/usr/bin/npm" "publish"
42 error node v8.10.0
43 error npm  v3.5.2
44 error code E403
45 error You cannot publish over the previously published versions: 1.1.0. : totalcross-cli
46 error If you need help, you may report this error at:
46 error     <https://github.com/npm/npm/issues>
47 verbose exit [ 1, true ]
